mmm1.c
Sum1=102 Sum2=674
3fd78a160fb6e984506602b1e36ffb82  -

mmm2.c
Sum1=172 Sum2=1200
0c24b26e66ad021e9f7e8952ab55c3d3  -

mmm3.c
Sum1=255 Sum2=1897
f4396288060d404d6c204084310521d3  -

mmm4.c
Sum1=351 Sum2=2799
2a4836661d821ab46e435e4ac3397681  -

mmm5.c
Sum1=460 Sum2=3940
90ce0f7083a8f701a92d3592fdb78b88  -

mmm6.c
Sum1=582 Sum2=5354
659064637c2915657c5965d930aa33dd  -

mmm7.c
Sum1=717 Sum2=7075
4432d1643d3e91b41dee8ed0620d5d07  -

mmm.py
Sum1 = 865, Sum2 = 9137
0ea8229d50fea40748cb5cde952d1afe  -
